<?xml version="1.0" encoding="UTF-8"?>
<!-- Generated by org.testng.reporters.JUnitReportReporter -->
<testsuite hostname="DESKTOP-CAAVLB5" failures="0" tests="1" name="com.com.testNG.NewTest" time="0.009" errors="0" timestamp="2021-02-19T13:55:24 IST" skipped="0">
  <testcase classname="com.com.testNG.NewTest" name="f" time="0.009"/>
  <system-out/>
</testsuite> <!-- com.com.testNG.NewTest -->
