<?xml version="1.0" encoding="UTF-8"?>
<!-- Generated by org.testng.reporters.JUnitReportReporter -->
<testsuite hostname="DESKTOP-CAAVLB5" failures="0" tests="3" name="com.com.testNG.Hierarchy_Annotations" time="5.361" errors="0" timestamp="2021-02-19T15:43:24 IST" skipped="0">
  <testcase classname="com.com.testNG.Hierarchy_Annotations" name="openUrl" time="4.567"/>
  <system-out/>
  <testcase classname="com.com.testNG.Hierarchy_Annotations" name="click_SignIn" time="0.418"/>
  <system-out/>
  <testcase classname="com.com.testNG.Hierarchy_Annotations" name="click_Register" time="0.376"/>
  <system-out/>
</testsuite> <!-- com.com.testNG.Hierarchy_Annotations -->
