<?xml version="1.0" encoding="UTF-8"?>
<!-- Generated by org.testng.reporters.JUnitReportReporter -->
<testsuite hostname="DESKTOP-CAAVLB5" failures="0" tests="3" name="com.testNG.Demo_TestNG" time="0.009" errors="0" timestamp="2021-02-19T14:19:08 IST" skipped="0">
  <testcase classname="com.testNG.Demo_TestNG" name="method3" time="0.001"/>
  <system-out/>
  <testcase classname="com.testNG.Demo_TestNG" name="method1" time="0.008"/>
  <system-out/>
  <testcase classname="com.testNG.Demo_TestNG" name="method2" time="0.000"/>
  <system-out/>
</testsuite> <!-- com.testNG.Demo_TestNG -->
